Flutter crash report; please file at https://github.com/flutter/flutter/issues.

## command

flutter pub get

## exception

YamlException: Error on line 71, column 9: While parsing a block collection, expected '-'.
   ╷
71 │         style: bold
   │         ^
   ╵

```
#0      Parser._parseBlockSequenceEntry (package:yaml/src/parser.dart:369:5)
#1      Parser._stateMachine (package:yaml/src/parser.dart:77:16)
#2      Parser.parse (package:yaml/src/parser.dart:47:19)
#3      Loader._loadSequence (package:yaml/src/loader.dart:141:23)
#4      Loader._loadNode (package:yaml/src/loader.dart:84:16)
#5      Loader._loadMapping (package:yaml/src/loader.dart:163:19)
#6      Loader._loadNode (package:yaml/src/loader.dart:86:16)
#7      Loader._loadSequence (package:yaml/src/loader.dart:140:20)
#8      Loader._loadNode (package:yaml/src/loader.dart:84:16)
#9      Loader._loadMapping (package:yaml/src/loader.dart:163:19)
#10     Loader._loadNode (package:yaml/src/loader.dart:86:16)
#11     Loader._loadMapping (package:yaml/src/loader.dart:163:19)
#12     Loader._loadNode (package:yaml/src/loader.dart:86:16)
#13     Loader._loadDocument (package:yaml/src/loader.dart:62:20)
#14     Loader.load (package:yaml/src/loader.dart:54:20)
#15     loadYamlDocument (package:yaml/yaml.dart:51:25)
#16     loadYamlNode (package:yaml/yaml.dart:42:5)
#17     loadYaml (package:yaml/yaml.dart:34:5)
#18     _pluginFromPackage (package:flutter_tools/src/plugins.dart:282:27)
#19     findPlugins.<anonymous closure> (package:flutter_tools/src/plugins.dart:316:27)
#20     _LinkedHashMapMixin.forEach (dart:collection-patch/compact_hash.dart:379:8)
#21     findPlugins (package:flutter_tools/src/plugins.dart:314:12)
#22     injectPlugins (package:flutter_tools/src/plugins.dart:1077:32)
#23     FlutterProject.ensureReadyForPlatformSpecificTooling (package:flutter_tools/src/project.dart:232:11)
<asynchronous suspension>
#24     PackagesGetCommand.runCommand (package:flutter_tools/src/commands/packages.dart:128:23)
<asynchronous suspension>
#25     FlutterCommand.verifyThenRunCommand (package:flutter_tools/src/runner/flutter_command.dart:723:18)
#26     _rootRunUnary (dart:async/zone.dart:1192:38)
#27     _CustomZone.runUnary (dart:async/zone.dart:1085:19)
#28     _FutureListener.handleValue (dart:async/future_impl.dart:141:18)
#29     Future._propagateToListeners.handleValueCallback (dart:async/future_impl.dart:682:45)
#30     Future._propagateToListeners (dart:async/future_impl.dart:711:32)
#31     Future._completeWithValue (dart:async/future_impl.dart:526:5)
#32     Future._asyncComplete.<anonymous closure> (dart:async/future_impl.dart:556:7)
#33     _rootRun (dart:async/zone.dart:1184:13)
#34     _CustomZone.run (dart:async/zone.dart:1077:19)
#35     _CustomZone.runGuarded (dart:async/zone.dart:979:7)
#36     _CustomZone.bindCallbackGuarded.<anonymous closure> (dart:async/zone.dart:1019:23)
#37     _microtaskLoop (dart:async/schedule_microtask.dart:43:21)
#38     _startMicrotaskLoop (dart:async/schedule_microtask.dart:52:5)
#39     _runPendingImmediateCallback (dart:isolate-patch/isolate_patch.dart:118:13)
#40     _RawReceivePortImpl._handleMessage (dart:isolate-patch/isolate_patch.dart:169:5)
```

## flutter doctor

```
[✓] Flutter (Channel stable, v1.17.1, on Mac OS X 10.15.4 19E287, locale en-IN)
    • Flutter version 1.17.1 at /Users/rajvishwakarma/Documents/flutter
    • Framework revision f7a6a7906b (12 days ago), 2020-05-12 18:39:00 -0700
    • Engine revision 6bc433c6b6
    • Dart version 2.8.2

[✓] Android toolchain - develop for Android devices (Android SDK version 29.0.2)
    • Android SDK at /Users/rajvishwakarma/Library/Android/sdk
    • Platform android-29, build-tools 29.0.2
    • Java binary at: /Applications/Android Studio.app/Contents/jre/jdk/Contents/Home/bin/java
    • Java version OpenJDK Runtime Environment (build 1.8.0_212-release-1586-b4-5784211)
    • All Android licenses accepted.

[✓] Xcode - develop for iOS and macOS (Xcode 11.4.1)
    • Xcode at /Applications/Xcode.app/Contents/Developer
    • Xcode 11.4.1, Build version 11E503a
    • CocoaPods version 1.8.4

[✓] Android Studio (version 3.6)
    • Android Studio at /Applications/Android Studio.app/Contents
    • Flutter plugin version 44.0.2
    • Dart plugin version 192.7761
    • Java version OpenJDK Runtime Environment (build 1.8.0_212-release-1586-b4-5784211)

[✓] VS Code (version 1.45.1)
    • VS Code at /Applications/Visual Studio Code.app/Contents
    • Flutter extension version 3.10.2

[✓] Connected device (1 available)
    • iPhone 11 Pro Max • 9E82701C-ED93-4AA7-A815-50DC22EA037B • ios • com.apple.CoreSimulator.SimRuntime.iOS-13-4 (simulator)

• No issues found!
```
